<?xml version="1.0" encoding="UTF-8"?>
<testng-results ignored="0" total="1" passed="1" failed="0" skipped="0">
  <reporter-output>
  </reporter-output>
  <suite started-at="2022-09-07T01:19:52 CDT" name="Default suite" finished-at="2022-09-07T01:20:03 CDT" duration-ms="10219">
    <groups>
    </groups>
    <test started-at="2022-09-07T01:19:52 CDT" name="Default test" finished-at="2022-09-07T01:20:03 CDT" duration-ms="10219">
      <class name="test.AddCustomerTest">
        <test-method signature="validUserLogin()[pri:0, instance:test.AddCustomerTest@3246fb96]" started-at="2022-09-07T01:19:52 CDT" name="validUserLogin" finished-at="2022-09-07T01:20:03 CDT" duration-ms="10185" status="PASS">
          <reporter-output>
          </reporter-output>
        </test-method> <!-- validUserLogin -->
      </class> <!-- test.AddCustomerTest -->
    </test> <!-- Default test -->
  </suite> <!-- Default suite -->
</testng-results>
